<?xml version="1.0" encoding="UTF-8"?>
<!-- Generated by org.testng.reporters.JUnitReportReporter -->
<testsuite hostname="ANAND-PC" name="excelScript.excelScriptTestLink" tests="1" failures="0" timestamp="24 Jan 2018 04:13:02 GMT" time="66.910" errors="0">
  <testcase name="uploadExceltoTestLink" time="66.910" classname="excelScript.excelScriptTestLink"/>
</testsuite> <!-- excelScript.excelScriptTestLink -->
