<?xml version="1.0" encoding="UTF-8"?>
<!-- Generated by org.testng.reporters.JUnitReportReporter -->
<testsuite hostname="ANAND-PC" name="excelScript.excelScriptTestLink" tests="1" failures="0" timestamp="25 Jan 2018 04:42:20 GMT" time="60.714" errors="0">
  <testcase name="uploadExceltoTestLink" time="60.714" classname="excelScript.excelScriptTestLink"/>
</testsuite> <!-- excelScript.excelScriptTestLink -->
